Traceback (most recent call last):
  File "/sc-projects/sc-proj-dh-ukb-intergenics/envs/networkvi_py310/lib/python3.10/site-packages/jupyter_core/utils/__init__.py", line 154, in wrapped
    asyncio.get_running_loop()
RuntimeError: no running event loop

During handling of the above exception, another exception occurred:

Traceback (most recent call last):
  File "/sc-projects/sc-proj-dh-ukb-intergenics/envs/networkvi_py310/lib/python3.10/site-packages/jupyter_cache/executors/utils.py", line 58, in single_nb_execution
    executenb(
  File "/sc-projects/sc-proj-dh-ukb-intergenics/envs/networkvi_py310/lib/python3.10/site-packages/nbclient/client.py", line 1319, in execute
    return NotebookClient(nb=nb, resources=resources, km=km, **kwargs).execute()
  File "/sc-projects/sc-proj-dh-ukb-intergenics/envs/networkvi_py310/lib/python3.10/site-packages/jupyter_core/utils/__init__.py", line 158, in wrapped
    return loop.run_until_complete(inner)
  File "/sc-projects/sc-proj-dh-ukb-intergenics/envs/networkvi_py310/lib/python3.10/asyncio/base_events.py", line 649, in run_until_complete
    return future.result()
  File "/sc-projects/sc-proj-dh-ukb-intergenics/envs/networkvi_py310/lib/python3.10/site-packages/nbclient/client.py", line 709, in async_execute
    await self.async_execute_cell(
  File "/sc-projects/sc-proj-dh-ukb-intergenics/envs/networkvi_py310/lib/python3.10/site-packages/nbclient/client.py", line 1062, in async_execute_cell
    await self._check_raise_for_error(cell, cell_index, exec_reply)
  File "/sc-projects/sc-proj-dh-ukb-intergenics/envs/networkvi_py310/lib/python3.10/site-packages/nbclient/client.py", line 918, in _check_raise_for_error
    raise CellExecutionError.from_cell_and_msg(cell, exec_reply_content)
nbclient.exceptions.CellExecutionError: An error occurred while executing the following cell:
------------------
go_importances_pert = []

for cell_type in cell_types:
    cell_type_mod = cell_type.replace(" ", "_").replace("/", "_")
    go_importances_pert.append(go_importances_perturbation["ENSG00000114013"]["protein"][cell_type_mod].astype("float"))
------------------


[0;31m---------------------------------------------------------------------------[0m
[0;31mKeyError[0m                                  Traceback (most recent call last)
Cell [0;32mIn[22], line 5[0m
[1;32m      3[0m [38;5;28;01mfor[39;00m cell_type [38;5;129;01min[39;00m cell_types:
[1;32m      4[0m     cell_type_mod [38;5;241m=[39m cell_type[38;5;241m.[39mreplace([38;5;124m"[39m[38;5;124m [39m[38;5;124m"[39m, [38;5;124m"[39m[38;5;124m_[39m[38;5;124m"[39m)[38;5;241m.[39mreplace([38;5;124m"[39m[38;5;124m/[39m[38;5;124m"[39m, [38;5;124m"[39m[38;5;124m_[39m[38;5;124m"[39m)
[0;32m----> 5[0m     go_importances_pert[38;5;241m.[39mappend([43mgo_importances_perturbation[49m[43m[[49m[38;5;124;43m"[39;49m[38;5;124;43mENSG00000114013[39;49m[38;5;124;43m"[39;49m[43m][49m[43m[[49m[38;5;124;43m"[39;49m[38;5;124;43mprotein[39;49m[38;5;124;43m"[39;49m[43m][49m[43m[[49m[43mcell_type_mod[49m[43m][49m[38;5;241m.[39mastype([38;5;124m"[39m[38;5;124mfloat[39m[38;5;124m"[39m))

[0;31mKeyError[0m: 'B1_B_IGKC+'

