<?xml version="1.0" encoding="UTF-8"?>
<robot generator="Robot 7.3 (Python 3.12.10 on linux)" generated="2025-06-15T11:42:45.961846" rpa="false" schemaversion="5">
<suite id="s1" name="Robotframework-Browserpom" source="/home/runner/work/robotframework-browserpom/robotframework-browserpom">
<suite id="s1-s1" name="Tests" source="/home/runner/work/robotframework-browserpom/robotframework-browserpom/tests">
<suite id="s1-s1-s1" name="Bookstore" source="/home/runner/work/robotframework-browserpom/robotframework-browserpom/tests/bookstore.robot">
<test id="s1-s1-s1-t1" name="Search" line="11">
<kw name="Setup" owner="pytest_robotframework._internal.robot.library" type="SETUP">
<kw name="Open Browser" owner="Browser">
<msg time="2025-06-15T11:42:46.110643" level="WARN">Open Browser is for quick experimentation and debugging only. Use New Page for production.</msg>
<msg time="2025-06-15T11:42:46.110934" level="INFO">{"browser": "chromium", "headless": true, "chromiumSandbox": false, "devtools": false, "handleSIGHUP": true, "handleSIGINT": true, "handleSIGTERM": true, "slowMo": 0.0, "timeout": 30000.0, "tracesDir": "browser/traces/temp/3232af04-f637-4898-ba0b-8228eb6765a2"}</msg>
<msg time="2025-06-15T11:42:46.115006" level="INFO">Starting Browser process /home/runner/.cache/pypoetry/virtualenvs/robotframework-browserpom-zmAxj5A5-py3.12/lib/python3.12/site-packages/Browser/wrapper/index.js using at 127.0.0.1:50145</msg>
<msg time="2025-06-15T11:42:48.997112" level="INFO">Successfully created browser with options: {"browser":"chromium","headless":true,"chromiumSandbox":false,"devtools":false,"handleSIGHUP":true,"handleSIGINT":true,"handleSIGTERM":true,"slowMo":0,"timeout":30000,"tracesDir":"browser/traces/temp/3232af04-f637-4898-ba0b-8228eb6765a2"}</msg>
<msg time="2025-06-15T11:42:48.998492" level="INFO">{
  "acceptDownloads": true,
  "bypassCSP": true,
  "forcedColors": "none",
  "ignoreHTTPSErrors": false,
  "javaScriptEnabled": true,
  "offline": false,
  "reducedMotion": "no-preference",
  "serviceWorkers": "allow",
  "viewport": {
    "width": 1280,
    "height": 720
  }
}</msg>
<msg time="2025-06-15T11:42:49.010830" level="INFO">Successfully created context. </msg>
<msg time="2025-06-15T11:42:49.010891" level="INFO">{'acceptDownloads': True, 'bypassCSP': True, 'forcedColors': 'none', 'ignoreHTTPSErrors': False, 'javaScriptEnabled': True, 'offline': False, 'reducedMotion': 'no-preference', 'serviceWorkers': 'allow', 'viewport': {'width': 1280, 'height': 720}}</msg>
<msg time="2025-06-15T11:42:49.301038" level="INFO">Successfully initialized new page object and opened url: https://automationbookstore.dev</msg>
<arg>https://automationbookstore.dev</arg>
<arg>headless=True</arg>
<tag>BrowserControl</tag>
<tag>Setter</tag>
<doc>Opens a new browser instance. Use this keyword for quick experiments or debugging sessions.</doc>
<status status="PASS" start="2025-06-15T11:42:46.110161" elapsed="3.191219"/>
</kw>
<status status="PASS" start="2025-06-15T11:42:46.109576" elapsed="3.192380"/>
</kw>
<kw name="Run Test" owner="pytest_robotframework._internal.robot.library">
<kw name="Go To Page" owner="BrowserPOM">
<msg time="2025-06-15T11:42:49.393112" level="INFO">Successfully opened URL https://automationbookstore.dev/index.html</msg>
<arg>MainPage</arg>
<tag>page-object</tag>
<tag>selenium</tag>
<doc>Go to the url for the given page object.</doc>
<status status="PASS" start="2025-06-15T11:42:49.303132" elapsed="0.090225"/>
</kw>
<kw name="Get Tile Count" owner="MainPage">
<msg time="2025-06-15T11:42:49.421736" level="INFO">${tileCount} = 8</msg>
<var>${tileCount}</var>
<status status="PASS" start="2025-06-15T11:42:49.393572" elapsed="0.028240"/>
</kw>
<kw name="Should Be Equal As Integers" owner="BuiltIn">
<msg time="2025-06-15T11:42:49.422313" level="INFO">Argument types are:
&lt;class 'int'&gt;
&lt;class 'str'&gt;</msg>
<arg>${tileCount}</arg>
<arg>8</arg>
<doc>Fails if objects are unequal after converting them to integers.</doc>
<status status="PASS" start="2025-06-15T11:42:49.422035" elapsed="0.000384"/>
</kw>
<kw name="Get Classes" owner="Browser">
<msg time="2025-06-15T11:42:49.446099" level="INFO">Property: {'0': 'ui-li-has-thumb', '1': 'ui-first-child'}</msg>
<msg time="2025-06-15T11:42:49.446275" level="INFO">${classes} = ['ui-li-has-thumb', 'ui-first-child']</msg>
<var>${classes}</var>
<arg>${MainPage.content_area.tile[0]}</arg>
<tag>Assertion</tag>
<tag>Getter</tag>
<tag>PageContent</tag>
<doc>Returns all classes of an element as a list.</doc>
<status status="PASS" start="2025-06-15T11:42:49.422620" elapsed="0.023694"/>
</kw>
<kw name="Get Text" owner="Browser">
<msg time="2025-06-15T11:42:49.464236" level="INFO">Text: 'Experiences of Test Automation'</msg>
<arg>${MainPage.content_area.tile[1].title}</arg>
<arg>==</arg>
<arg>Experiences of Test Automation</arg>
<tag>Assertion</tag>
<tag>Getter</tag>
<tag>PageContent</tag>
<doc>Returns text attribute of the element found by ``selector``.</doc>
<status status="PASS" start="2025-06-15T11:42:49.446539" elapsed="0.017879"/>
</kw>
<kw name="Get Text" owner="Browser">
<msg time="2025-06-15T11:42:49.478758" level="INFO">Text: 'Experiences of Test Automation'</msg>
<arg>${MainPage.content_area.tile["Experiences of Test Automation"].title}</arg>
<arg>==</arg>
<arg>Experiences of Test Automation</arg>
<tag>Assertion</tag>
<tag>Getter</tag>
<tag>PageContent</tag>
<doc>Returns text attribute of the element found by ``selector``.</doc>
<status status="PASS" start="2025-06-15T11:42:49.464620" elapsed="0.014265"/>
</kw>
<kw name="Enter Search" owner="MainPage">
<msg time="2025-06-15T11:42:49.479280" level="INFO">Types the text 'text' in the given field.</msg>
<arg>text</arg>
<doc>Enter to search bar</doc>
<status status="PASS" start="2025-06-15T11:42:49.479073" elapsed="0.020273"/>
</kw>
<kw name="Run" owner="MainPage">
<msg time="2025-06-15T11:42:49.499831" level="INFO">Types the text 'This is a search' in the given field.</msg>
<arg>search_bar.search("This is a search")</arg>
<doc>Run a string as a Python expression in the context of this page object.</doc>
<status status="PASS" start="2025-06-15T11:42:49.499554" elapsed="0.031963"/>
</kw>
<kw name="Should Be Equal" owner="BuiltIn">
<arg>${classes[0]}</arg>
<arg>ui-li-has-thumb</arg>
<doc>Fails if the given objects are unequal.</doc>
<status status="PASS" start="2025-06-15T11:42:49.531750" elapsed="0.000670"/>
</kw>
<kw name="Should Be Equal" owner="BuiltIn">
<arg>${classes[1]}</arg>
<arg>ui-first-child</arg>
<doc>Fails if the given objects are unequal.</doc>
<status status="PASS" start="2025-06-15T11:42:49.532545" elapsed="0.000473"/>
</kw>
<kw name="Should Be Equal As Strings" owner="BuiltIn">
<msg time="2025-06-15T11:42:49.533546" level="INFO">Argument types are:
&lt;class 'BrowserPOM.uiobject.UIObject'&gt;
&lt;class 'str'&gt;</msg>
<arg>${MainPage.content_area.tile[1].title}</arg>
<arg>.ui-content &gt;&gt; xpath=//li &gt;&gt; nth=1 &gt;&gt; //h2[contains(@id, '_title')]</arg>
<doc>Fails if objects are unequal after converting them to strings.</doc>
<status status="PASS" start="2025-06-15T11:42:49.533135" elapsed="0.000483"/>
</kw>
<status status="PASS" start="2025-06-15T11:42:49.302240" elapsed="0.231757"/>
</kw>
<kw name="Teardown" owner="pytest_robotframework._internal.robot.library" type="TEARDOWN">
<status status="PASS" start="2025-06-15T11:42:49.534218" elapsed="0.000436"/>
</kw>
<msg time="2025-06-15T11:42:49.547319" level="INFO">Switching context to context=1a29ff60-ec1f-48a4-8aa0-ac3463ad726a in CURRENT</msg>
<msg time="2025-06-15T11:42:49.552082" level="INFO">Successfully changed active context: context=1a29ff60-ec1f-48a4-8aa0-ac3463ad726a</msg>
<msg time="2025-06-15T11:42:49.559046" level="INFO">Successfully closed Context</msg>
<status status="PASS" start="2025-06-15T11:42:46.107778" elapsed="3.426939"/>
</test>
<status status="PASS" start="2025-06-15T11:42:45.979447" elapsed="3.580241"/>
</suite>
<status status="PASS" start="2025-06-15T11:42:45.978420" elapsed="3.585595"/>
</suite>
<status status="PASS" start="2025-06-15T11:42:45.962870" elapsed="3.601503"/>
</suite>
<statistics>
<total>
<stat pass="1" fail="0" skip="0">All Tests</stat>
</total>
<tag>
</tag>
<suite>
<stat name="Robotframework-Browserpom" id="s1" pass="1" fail="0" skip="0">Robotframework-Browserpom</stat>
<stat name="Tests" id="s1-s1" pass="1" fail="0" skip="0">Robotframework-Browserpom.Tests</stat>
<stat name="Bookstore" id="s1-s1-s1" pass="1" fail="0" skip="0">Robotframework-Browserpom.Tests.Bookstore</stat>
</suite>
</statistics>
<errors>
<msg time="2025-06-15T11:42:46.110643" level="WARN">Open Browser is for quick experimentation and debugging only. Use New Page for production.</msg>
</errors>
</robot>
